##############################################################
###################### INPUT PARAMETERS ######################
data_in:               11.Qiime.Qiime_default.included.raw.for_norm
data_type:             file
output_object:         11.Qiime.Qiime_default.included.raw.for_norm.DESeq_blind.PREPROCESSED
output_file:           22.Qiime.Qiime_default.included.norm_DESeq
removeSg:              FALSEremoveSg_valueMin:     0
removeSg_rowMin:       0
log_transform          FALSE
norm_method:           DESeq_blind
DESeq_metadata_table:  NA
DESeq_metadata_column: 1
DESeq_metadata_type:   file
DESeq_sharingMode:     maximum
DESeq_fitType:         local
scale_0_to_1:          TRUE
produce_boxplots:      FALSE
boxplot_height_in:     default
boxplot_width_in:      default
debug as.character:    FALSE
####################### OUTPUT SUMMARY #######################
output object:         11.Qiime.Qiime_default.included.raw.for_norm.DESeq_blind.PREPROCESSED
otuput file:           22.Qiime.Qiime_default.included.norm_DESeq
output boxplot:        NA
DESeq regression:      11.Qiime.Qiime_default.included.raw.for_norm.DESeq_regression.png
##############################################################
